folder:EFI
folder:EFI/BOOT
#file:EFI/BOOT/mmx64.efi
#file:EFI/BOOT/grubia32.efi
file:EFI/BOOT/grub.cfg
file:EFI/BOOT/BOOTX64.EFI
file:EFI/BOOT/grubx64.efi
#file:EFI/BOOT/BOOTIA32.EFI
#file:EFI/BOOT/mmia32.efi
folder:EFI/BOOT/fonts
file:EFI/BOOT/fonts/unicode.pf2
folder:images
folder:images/pxeboot
file:images/pxeboot/initrd.img
file:images/pxeboot/vmlinuz
file:images/efiboot.img
file:images/install.img
#file:images/boot.iso
folder:isolinux
file:isolinux/memtest
file:isolinux/grub.conf
file:isolinux/initrd.img
file:isolinux/boot.msg
file:isolinux/vmlinuz
file:isolinux/isolinux.bin
file:isolinux/splash.png
file:isolinux/isolinux.cfg
file:isolinux/vesamenu.c32
file:isolinux/ldlinux.c32
file:isolinux/libcom32.c32
file:isolinux/libutil.c32
