acl-2.2.53-1.el8.x86_64.rpm
annobin-8.64-1.el8.x86_64.rpm
basesystem-11-5.el8.noarch.rpm
bash-4.4.19-8.el8_0.x86_64.rpm
binutils-2.30-49.el8.x86_64.rpm
brotli-1.0.6-1.el8.x86_64.rpm
bzip2-1.0.6-26.el8.x86_64.rpm
bzip2-libs-1.0.6-26.el8.x86_64.rpm
ca-certificates-2018.2.24-6.el8.noarch.rpm
centos-release-8.0-0.1905.0.9.el8.x86_64.rpm
chkconfig-1.11-1.el8.x86_64.rpm
cmake-filesystem-3.11.4-3.el8.x86_64.rpm
coreutils-8.30-6.el8.x86_64.rpm
coreutils-common-8.30-6.el8.x86_64.rpm
cpio-2.12-8.el8.x86_64.rpm
cpp-8.2.1-3.5.el8.x86_64.rpm
cracklib-2.9.6-15.el8.x86_64.rpm
cracklib-dicts-2.9.6-15.el8.x86_64.rpm
crypto-policies-20181217-6.git9a35207.el8.noarch.rpm
cryptsetup-libs-2.0.6-1.el8.x86_64.rpm
curl-7.61.1-8.el8.x86_64.rpm
cyrus-sasl-lib-2.1.27-0.3rc7.el8.x86_64.rpm
dbus-1.12.8-7.el8.x86_64.rpm
dbus-common-1.12.8-7.el8.noarch.rpm
dbus-daemon-1.12.8-7.el8.x86_64.rpm
dbus-libs-1.12.8-7.el8.x86_64.rpm
dbus-tools-1.12.8-7.el8.x86_64.rpm
device-mapper-1.02.155-6.el8.x86_64.rpm
device-mapper-libs-1.02.155-6.el8.x86_64.rpm
diffutils-3.6-5.el8.x86_64.rpm
dnf-4.2.7-7.el8_1.noarch.rpm
dnf-data-4.2.7-7.el8_1.noarch.rpm
dnf-plugins-core-4.0.8-3.el8.noarch.rpm
dracut-049-10.git20190115.el8_0.1.x86_64.rpm
dwz-0.12-9.el8.x86_64.rpm
efi-srpm-macros-3-2.el8.noarch.rpm
emacs-filesystem-26.1-5.el8.noarch.rpm
epel-release-8-5.el8.noarch.rpm
expat-2.2.5-3.el8.x86_64.rpm
file-5.33-8.el8.x86_64.rpm
file-libs-5.33-8.el8.x86_64.rpm
filesystem-3.8-2.el8.x86_64.rpm
findutils-4.6.0-20.el8.x86_64.rpm
gawk-4.2.1-1.el8.x86_64.rpm
gc-7.6.4-3.el8.x86_64.rpm
gcc-8.2.1-3.5.el8.x86_64.rpm
gcc-c++-8.2.1-3.5.el8.x86_64.rpm
gdb-8.2-6.el8_0.x86_64.rpm
gdb-headless-8.2-6.el8_0.x86_64.rpm
gdbm-1.18-1.el8.x86_64.rpm
gdbm-libs-1.18-1.el8.x86_64.rpm
ghc-srpm-macros-1.4.2-7.el8.noarch.rpm
glibc-2.28-42.el8_0.1.x86_64.rpm
glibc-all-langpacks-2.28-42.el8_0.1.x86_64.rpm
glibc-common-2.28-42.el8_0.1.x86_64.rpm
glibc-devel-2.28-42.el8_0.1.x86_64.rpm
glibc-headers-2.28-42.el8_0.1.x86_64.rpm
gmp-6.1.2-8.el8.x86_64.rpm
gnupg2-2.2.9-1.el8.x86_64.rpm
go-srpm-macros-2-16.el8.noarch.rpm
gpgme-1.10.0-6.el8.0.1.x86_64.rpm
grep-3.1-6.el8.x86_64.rpm
groff-base-1.22.3-18.el8.x86_64.rpm
guile-2.0.14-7.el8.x86_64.rpm
gzip-1.9-4.el8.x86_64.rpm
hardlink-1.3-6.el8.x86_64.rpm
hostname-3.20-6.el8.x86_64.rpm
info-6.5-4.el8.x86_64.rpm
iptables-libs-1.8.2-9.el8_0.1.x86_64.rpm
isl-0.16.1-6.el8.x86_64.rpm
json-c-0.13.1-0.2.el8.x86_64.rpm
keyutils-libs-1.5.10-6.el8.x86_64.rpm
kmod-25-11.el8_0.2.x86_64.rpm
kmod-libs-25-11.el8_0.2.x86_64.rpm
kpartx-0.7.8-7.el8_0.2.x86_64.rpm
krb5-libs-1.16.1-22.el8.x86_64.rpm
libacl-2.2.53-1.el8.x86_64.rpm
libarchive-3.3.2-3.el8.x86_64.rpm
libassuan-2.5.1-3.el8.x86_64.rpm
libatomic_ops-7.6.2-3.el8.x86_64.rpm
libattr-2.4.48-3.el8.x86_64.rpm
libbabeltrace-1.5.4-2.el8.x86_64.rpm
libcap-2.25-9.el8.x86_64.rpm
libcap-ng-0.7.9-4.el8.x86_64.rpm
libcomps-0.1.8-13.el8.x86_64.rpm
libcurl-7.61.1-8.el8.x86_64.rpm
libcurl-devel-7.61.1-8.el8.x86_64.rpm
libdb-5.3.28-36.el8.x86_64.rpm
libdb-utils-5.3.28-36.el8.x86_64.rpm
libdnf-0.35.1-9.el8_1.x86_64.rpm
libfdisk-2.32.1-8.el8.x86_64.rpm
libffi-3.1-18.el8.x86_64.rpm
libgcc-8.2.1-3.5.el8.x86_64.rpm
libgcrypt-1.8.3-2.el8.x86_64.rpm
libgomp-8.2.1-3.5.el8.x86_64.rpm
libgpg-error-1.31-1.el8.x86_64.rpm
libidn-1.34-5.el8.x86_64.rpm
libidn2-2.0.5-1.el8.x86_64.rpm
libidn2-devel-2.0.5-1.el8.x86_64.rpm
libipt-1.6.1-8.el8.x86_64.rpm
libksba-1.3.5-7.el8.x86_64.rpm
libmetalink-0.1.3-7.el8.x86_64.rpm
libmodulemd1-1.8.0-5.el8.x86_64.rpm
libmodulemd-2.0.0-5.el8.x86_64.rpm
libmount-2.32.1-8.el8.x86_64.rpm
libmpc-1.0.2-9.el8.x86_64.rpm
libnghttp2-1.33.0-1.el8.x86_64.rpm
libnsl2-1.2.0-2.20180605git4a062cf.el8.x86_64.rpm
libpcap-1.9.0-1.el8.x86_64.rpm
libpkgconf-1.4.2-1.el8.x86_64.rpm
libpsl-0.20.2-5.el8.x86_64.rpm
libpwquality-1.4.0-9.el8.x86_64.rpm
librepo-1.10.3-3.el8.x86_64.rpm
libreport-filesystem-2.9.5-6.el8.x86_64.rpm
libseccomp-2.3.3-3.el8.x86_64.rpm
libseccomp-devel-2.3.3-3.el8.x86_64.rpm
libselinux-2.8-6.el8.x86_64.rpm
libsepol-2.8-2.el8.x86_64.rpm
libsigsegv-2.11-5.el8.x86_64.rpm
libsmartcols-2.32.1-8.el8.x86_64.rpm
libsolv-0.7.4-3.el8.x86_64.rpm
libssh-0.8.5-2.el8.x86_64.rpm
libssh2-1.8.0-8.module_el8.0.0+189+f9babebb.1.x86_64.rpm
libstdc++-8.2.1-3.5.el8.x86_64.rpm
libstdc++-devel-8.2.1-3.5.el8.x86_64.rpm
libtasn1-4.13-3.el8.x86_64.rpm
libtirpc-1.1.4-3.el8.x86_64.rpm
libtool-ltdl-2.4.6-25.el8.x86_64.rpm
libusbx-1.0.22-1.el8.x86_64.rpm
libuser-0.62-21.el8.x86_64.rpm
libutempter-1.1.6-14.el8.x86_64.rpm
libuuid-2.32.1-8.el8.x86_64.rpm
libverto-0.3.0-5.el8.x86_64.rpm
libxcrypt-4.1.1-4.el8.x86_64.rpm
libxcrypt-devel-4.1.1-4.el8.x86_64.rpm
libxcrypt-static-4.1.1-4.el8.x86_64.rpm
libxml2-2.9.7-5.el8.x86_64.rpm
libyaml-0.1.7-5.el8.x86_64.rpm
lua-5.3.4-10.el8.x86_64.rpm
lua-libs-5.3.4-10.el8.x86_64.rpm
lz4-1.8.1.2-4.el8.x86_64.rpm
lz4-libs-1.8.1.2-4.el8.x86_64.rpm
lzo-2.08-14.el8.x86_64.rpm
make-4.2.1-9.el8.x86_64.rpm
mpfr-3.1.6-1.el8.x86_64.rpm
ncurses-6.1-7.20180224.el8.x86_64.rpm
ncurses-base-6.1-7.20180224.el8.noarch.rpm
ncurses-c++-libs-6.1-7.20180224.el8.x86_64.rpm
ncurses-libs-6.1-7.20180224.el8.x86_64.rpm
npth-1.5-4.el8.x86_64.rpm
nspr-4.21.0-2.el8_0.x86_64.rpm
nss-3.44.0-7.el8_0.x86_64.rpm
nss-sysinit-3.44.0-7.el8_0.x86_64.rpm
nss-tools-3.44.0-7.el8_0.x86_64.rpm
nss-util-3.44.0-7.el8_0.x86_64.rpm
ocaml-srpm-macros-5-4.el8.noarch.rpm
openblas-srpm-macros-2-2.el8.noarch.rpm
openldap-2.4.46-9.el8.x86_64.rpm
openssl-libs-1.1.1-8.el8.x86_64.rpm
p11-kit-0.23.14-5.el8_0.x86_64.rpm
p11-kit-trust-0.23.14-5.el8_0.x86_64.rpm
pam-1.3.1-4.el8.x86_64.rpm
patch-2.7.6-9.el8_0.x86_64.rpm
pcre2-10.32-1.el8.x86_64.rpm
pcre2-devel-10.32-1.el8.x86_64.rpm
pcre2-utf16-10.32-1.el8.x86_64.rpm
pcre2-utf32-10.32-1.el8.x86_64.rpm
pcre-8.42-4.el8.x86_64.rpm
pcre-cpp-8.42-4.el8.x86_64.rpm
pcre-utf16-8.42-4.el8.x86_64.rpm
pcre-utf32-8.42-4.el8.x86_64.rpm
perl-5.26.3-416.el8.x86_64.rpm
perl-Algorithm-Diff-1.1903-9.el8.noarch.rpm
perl-Archive-Tar-2.30-1.el8.noarch.rpm
perl-Archive-Zip-1.60-3.el8.noarch.rpm
perl-Attribute-Handlers-0.99-416.el8.noarch.rpm
perl-autodie-2.29-396.el8.noarch.rpm
perl-B-Debug-1.26-2.el8.noarch.rpm
perl-bignum-0.49-2.el8.noarch.rpm
perl-Carp-1.42-396.el8.noarch.rpm
perl-Compress-Bzip2-2.26-6.el8.x86_64.rpm
perl-Compress-Raw-Bzip2-2.081-1.el8.x86_64.rpm
perl-Compress-Raw-Bzip2-2.081-1.el8.x86_64.rpm
perl-Compress-Raw-Zlib-2.081-1.el8.x86_64.rpm
perl-Config-Perl-V-0.30-1.el8.noarch.rpm
perl-constant-1.33-396.el8.noarch.rpm
perl-CPAN-2.18-397.el8.noarch.rpm
perl-CPAN-Meta-2.150010-396.el8.noarch.rpm
perl-CPAN-Meta-Requirements-2.140-396.el8.noarch.rpm
perl-CPAN-Meta-YAML-0.018-397.el8.noarch.rpm
perl-Data-OptList-0.110-6.el8.noarch.rpm
perl-Data-Section-0.200007-3.el8.noarch.rpm
perl-DB_File-1.842-1.el8.x86_64.rpm
perl-devel-5.26.3-416.el8.x86_64.rpm
perl-Devel-Peek-1.26-416.el8.x86_64.rpm
perl-Devel-PPPort-3.36-5.el8.x86_64.rpm
perl-Devel-SelfStubber-1.06-416.el8.noarch.rpm
perl-Devel-Size-0.81-2.el8.x86_64.rpm
perl-Digest-1.17-395.el8.noarch.rpm
perl-Digest-MD5-2.55-396.el8.x86_64.rpm
perl-Digest-SHA-6.02-1.el8.x86_64.rpm
perl-Encode-2.97-3.el8.x86_64.rpm
perl-Encode-devel-2.97-3.el8.x86_64.rpm
perl-encoding-2.22-3.el8.x86_64.rpm
perl-Env-1.04-395.el8.noarch.rpm
perl-Errno-1.28-416.el8.x86_64.rpm
perl-experimental-0.019-2.el8.noarch.rpm
perl-Exporter-5.72-396.el8.noarch.rpm
perl-ExtUtils-CBuilder-0.280230-2.el8.noarch.rpm
perl-ExtUtils-Command-7.34-1.el8.noarch.rpm
perl-ExtUtils-Embed-1.34-416.el8.noarch.rpm
perl-ExtUtils-Install-2.14-4.el8.noarch.rpm
perl-ExtUtils-MakeMaker-7.34-1.el8.noarch.rpm
perl-ExtUtils-Manifest-1.70-395.el8.noarch.rpm
perl-ExtUtils-Miniperl-1.06-416.el8.noarch.rpm
perl-ExtUtils-MM-Utils-7.34-1.el8.noarch.rpm
perl-ExtUtils-ParseXS-3.35-2.el8.noarch.rpm
perl-File-Fetch-0.56-2.el8.noarch.rpm
perl-File-HomeDir-1.002-4.el8.noarch.rpm
perl-File-Path-2.15-2.el8.noarch.rpm
perl-File-Temp-0.230.600-1.el8.noarch.rpm
perl-File-Which-1.22-2.el8.noarch.rpm
perl-Filter-1.58-2.el8.x86_64.rpm
perl-Filter-Simple-0.94-2.el8.noarch.rpm
perl-Getopt-Long-2.50-4.el8.noarch.rpm
perl-HTTP-Tiny-0.074-1.el8.noarch.rpm
perl-inc-latest-0.500-9.el8.noarch.rpm
perl-interpreter-5.26.3-416.el8.x86_64.rpm
perl-IO-1.38-416.el8.x86_64.rpm
perl-IO-Compress-2.081-1.el8.noarch.rpm
perl-IO-Socket-IP-0.39-5.el8.noarch.rpm
perl-IO-Zlib-1.10-416.el8.noarch.rpm
perl-IPC-Cmd-1.02-1.el8.noarch.rpm
perl-IPC-System-Simple-1.25-17.el8.noarch.rpm
perl-IPC-SysV-2.07-397.el8.x86_64.rpm
perl-JSON-PP-2.97.001-3.el8.noarch.rpm
perl-libintl-perl-1.29-2.el8.x86_64.rpm
perl-libnet-3.11-3.el8.noarch.rpm
perl-libnetcfg-5.26.3-416.el8.noarch.rpm
perl-libs-5.26.3-416.el8.x86_64.rpm
perl-Locale-Codes-3.57-1.el8.noarch.rpm
perl-Locale-Maketext-1.28-396.el8.noarch.rpm
perl-Locale-Maketext-Simple-0.21-416.el8.noarch.rpm
perl-local-lib-2.000024-2.el8.noarch.rpm
perl-macros-5.26.3-416.el8.x86_64.rpm
perl-Math-BigInt-1.9998.11-5.el8.noarch.rpm
perl-Math-BigInt-FastCalc-0.500.600-6.el8.x86_64.rpm
perl-Math-BigRat-0.2614-1.el8.noarch.rpm
perl-Math-Complex-1.59-416.el8.noarch.rpm
perl-Memoize-1.03-416.el8.noarch.rpm
perl-MIME-Base64-3.15-396.el8.x86_64.rpm
perl-Module-Build-0.42.24-5.el8.noarch.rpm
perl-Module-CoreList-5.20181130-1.el8.noarch.rpm
perl-Module-CoreList-tools-5.20181130-1.el8.noarch.rpm
perl-Module-Load-0.32-395.el8.noarch.rpm
perl-Module-Load-Conditional-0.68-395.el8.noarch.rpm
perl-Module-Loaded-0.08-416.el8.noarch.rpm
perl-Module-Metadata-1.000033-395.el8.noarch.rpm
perl-MRO-Compat-0.13-4.el8.noarch.rpm
perl-Net-Ping-2.55-416.el8.noarch.rpm
perl-open-1.11-416.el8.noarch.rpm
perl-Package-Generator-1.106-11.el8.noarch.rpm
perl-Params-Check-0.38-395.el8.noarch.rpm
perl-Params-Util-1.07-22.el8.x86_64.rpm
perl-parent-0.237-1.el8.noarch.rpm
perl-PathTools-3.74-1.el8.x86_64.rpm
perl-perlfaq-5.20180605-1.el8.noarch.rpm
perl-PerlIO-via-QuotedPrint-0.08-395.el8.noarch.rpm
perl-Perl-OSType-1.010-396.el8.noarch.rpm
perl-Pod-Checker-1.73-395.el8.noarch.rpm
perl-Pod-Escapes-1.07-395.el8.noarch.rpm
perl-Pod-Html-1.22.02-416.el8.noarch.rpm
perl-podlators-4.11-1.el8.noarch.rpm
perl-Pod-Parser-1.63-396.el8.noarch.rpm
perl-Pod-Perldoc-3.28-396.el8.noarch.rpm
perl-Pod-Simple-3.35-395.el8.noarch.rpm
perl-Pod-Usage-1.69-395.el8.noarch.rpm
perl-Scalar-List-Utils-1.49-2.el8.x86_64.rpm
perl-SelfLoader-1.23-416.el8.noarch.rpm
perl-Socket-2.027-2.el8.x86_64.rpm
perl-Software-License-0.103013-2.el8.noarch.rpm
perl-srpm-macros-1-25.el8.noarch.rpm
perl-Storable-3.11-3.el8.x86_64.rpm
perl-Sub-Exporter-0.987-15.el8.noarch.rpm
perl-Sub-Install-0.928-14.el8.noarch.rpm
perl-Sys-Syslog-0.35-397.el8.x86_64.rpm
perl-Term-ANSIColor-4.06-396.el8.noarch.rpm
perl-Term-Cap-1.17-395.el8.noarch.rpm
perl-Test-1.30-416.el8.noarch.rpm
perl-Test-Simple-1.302135-1.el8.noarch.rpm
perl-Text-Balanced-2.03-395.el8.noarch.rpm
perl-Text-Diff-1.45-2.el8.noarch.rpm
perl-Text-Glob-0.11-4.el8.noarch.rpm
perl-Text-ParseWords-3.30-395.el8.noarch.rpm
perl-Text-Tabs+Wrap-2013.0523-395.el8.noarch.rpm
perl-Text-Template-1.51-1.el8.noarch.rpm
perl-Thread-Queue-3.13-1.el8.noarch.rpm
perl-threads-2.21-2.el8.x86_64.rpm
perl-threads-shared-1.58-2.el8.x86_64.rpm
perl-Time-HiRes-1.9758-1.el8.x86_64.rpm
perl-Time-Local-1.280-1.el8.noarch.rpm
perl-Time-Piece-1.31-416.el8.x86_64.rpm
perl-Unicode-Collate-1.25-2.el8.x86_64.rpm
perl-Unicode-EastAsianWidth-1.33-13.el8.noarch.rpm
perl-Unicode-Normalize-1.25-396.el8.x86_64.rpm
perl-URI-1.73-3.el8.noarch.rpm
perl-utils-5.26.3-416.el8.noarch.rpm
perl-version-0.99.24-1.el8.x86_64.rpm
pigz-2.4-2.el8.x86_64.rpm
pinentry-1.1.0-2.el8.x86_64.rpm
pkgconf-1.4.2-1.el8.x86_64.rpm
pkgconf-m4-1.4.2-1.el8.noarch.rpm
pkgconf-pkg-config-1.4.2-1.el8.x86_64.rpm
platform-python-3.6.8-2.el8_0.0.1.x86_64.rpm
platform-python-devel-3.6.8-2.el8_0.0.1.x86_64.rpm
platform-python-pip-9.0.3-13.el8.noarch.rpm
platform-python-setuptools-39.2.0-4.el8.noarch.rpm
popt-1.16-14.el8.x86_64.rpm
procps-ng-3.3.15-1.el8.x86_64.rpm
publicsuffix-list-dafsa-20180723-1.el8.noarch.rpm
python36-3.6.8-2.module_el8.1.0+245+c39af44f.x86_64.rpm
python36-devel-3.6.8-2.module_el8.1.0+245+c39af44f.x86_64.rpm
python3-dateutil-2.6.1-6.el8.noarch.rpm
python3-dnf-4.2.7-7.el8_1.noarch.rpm
python3-dnf-plugins-core-4.0.8-3.el8.noarch.rpm
python3-gpg-1.10.0-6.el8.0.1.x86_64.rpm
python3-hawkey-0.35.1-9.el8_1.x86_64.rpm
python3-iniparse-0.4-31.el8.noarch.rpm
python3-libcomps-0.1.8-13.el8.x86_64.rpm
python3-libdnf-0.35.1-9.el8_1.x86_64.rpm
python3-pip-9.0.3-13.el8.noarch.rpm
python3-pycurl-7.43.0.2-3.el8.x86_64.rpm
python3-pyxattr-0.5.3-18.el8.x86_64.rpm
python3-rpm-generators-5-4.el8.noarch.rpm
python3-rpm-macros-3-37.el8.noarch.rpm
python3-setuptools-39.2.0-4.el8.noarch.rpm
python3-six-1.11.0-8.el8.noarch.rpm
python-rpm-macros-3-37.el8.noarch.rpm
python-srpm-macros-3-37.el8.noarch.rpm
qrencode-libs-3.4.4-5.el8.x86_64.rpm
qt5-srpm-macros-5.11.1-2.el8.noarch.rpm
readline-7.0-10.el8.x86_64.rpm
redhat-rpm-config-116-1.el8.0.1.noarch.rpm
rust-srpm-macros-5-2.el8.noarch.rpm
sed-4.5-1.el8.x86_64.rpm
setup-2.12.2-2.el8.noarch.rpm
shadow-utils-4.6-7.el8.x86_64.rpm
shared-mime-info-1.9-3.el8.x86_64.rpm
sqlite-3.26.0-3.el8.x86_64.rpm
sqlite-libs-3.26.0-3.el8.x86_64.rpm
systemd-pam-239-13.el8_0.5.x86_64.rpm
tar-1.30-4.el8.x86_64.rpm
tzdata-2019a-1.el8.noarch.rpm
unzip-6.0-41.el8.x86_64.rpm
ustr-1.0.4-26.el8.x86_64.rpm
which-2.21-10.el8.x86_64.rpm
xml-common-0.6.3-50.el8.noarch.rpm
xz-5.2.4-3.el8.x86_64.rpm
xz-libs-5.2.4-3.el8.x86_64.rpm
zip-3.0-23.el8.x86_64.rpm
zlib-1.2.11-10.el8.x86_64.rpm
