python3-keystoneauth1  5.0.0-2
python3-keystonemiddleware  10.1.0-4
python3-mock  4.0.3-4
python3-osc-lib  2.6.2-2
python3-osc-placement  4.0.0-2
python3-pyro4  4.82-2
python3-oslo.cache  3.2.0-1
python3-oslo.concurrency  5.0.1-3
python3-oslo.config  1:9.0.0-3
python3-oslo.context  5.0.0-2
python3-oslo.db  12.1.0-3
python3-oslo.i18n  5.1.0-3
python3-oslo.log  5.0.1-1
python3-oslo.messaging  14.0.0-2
python3-oslo.metrics  0.5.0-2
python3-oslo.middleware  5.0.0-2
python3-oslo.policy  4.0.0-2
python3-oslo.serialization  5.0.0-2
python3-oslo.service  3.0.0-2
python3-oslo.upgradecheck  2.0.0-2
python3-oslo.utils  6.0.1-2
python3-oslo.versionedobjects  3.0.1-2
python3-serpent  1.41-1
python3-sqlalchemy  1.4.46+ds1-1
python3-stevedore  4.0.2-2
python3-swiftclient  1:4.1.0-2
