apr-1.6.3-9.el8.x86_64.rpm
apr-util-1.6.1-6.el8.x86_64.rpm
atk-devel-2.28.1-1.el8.x86_64.rpm
at-spi2-atk-devel-2.26.2-1.el8.x86_64.rpm
autoconf-2.69-27.el8.noarch.rpm
automake-1.16.1-6.el8.noarch.rpm
binutils-devel-2.30-58.el8_1.2.x86_64.rpm
bison-3.0.4-10.el8.x86_64.rpm
bluez-libs-5.50-1.el8.x86_64.rpm
bluez-libs-devel-5.50-1.el8.x86_64.rpm
bzip2-devel-1.0.6-26.el8.x86_64.rpm
dbus-devel-1.12.8-9.el8.x86_64.rpm
dejavu-fonts-common-2.35-6.el8.noarch.rpm
dejavu-sans-fonts-2.35-6.el8.noarch.rpm
device-mapper-devel-1.02.163-5.el8.0.1.x86_64.rpm
device-mapper-event-1.02.163-5.el8.0.1.x86_64.rpm
device-mapper-event-libs-1.02.163-5.el8.0.1.x86_64.rpm
device-mapper-multipath-0.8.0-5.el8.x86_64.rpm
device-mapper-multipath-libs-0.8.0-5.el8.x86_64.rpm
device-mapper-persistent-data-0.8.5-2.el8.x86_64.rpm
expat-devel-2.2.5-3.el8.x86_64.rpm
file-devel-5.33-8.el8.x86_64.rpm
fipscheck-1.5.0-4.el8.x86_64.rpm
fipscheck-devel-1.5.0-4.el8.x86_64.rpm
fipscheck-lib-1.5.0-4.el8.x86_64.rpm
fontconfig-2.13.1-3.el8.x86_64.rpm
fontconfig-devel-2.13.1-3.el8.x86_64.rpm
fontpackages-filesystem-1.44-22.el8.noarch.rpm
freetype-2.9.1-4.el8.x86_64.rpm
freetype-devel-2.9.1-4.el8.x86_64.rpm
gdbm-devel-1.18-1.el8.x86_64.rpm
gettext-0.19.8.1-17.el8.x86_64.rpm
gettext-common-devel-0.19.8.1-17.el8.noarch.rpm
gettext-devel-0.19.8.1-17.el8.x86_64.rpm
gettext-libs-0.19.8.1-17.el8.x86_64.rpm
git-2.18.2-2.el8_1.x86_64.rpm
git-core-2.18.2-2.el8_1.x86_64.rpm
git-core-doc-2.18.2-2.el8_1.noarch.rpm
glibc-static-2.28-72.el8_1.1.x86_64.rpm
gmp-devel-6.1.2-10.el8.x86_64.rpm
gnutls-3.6.8-8.el8.x86_64.rpm
golang-1.12.12-4.module_el8.1.0+271+e71148fc.x86_64.rpm
golang-bin-1.12.12-4.module_el8.1.0+271+e71148fc.x86_64.rpm
golang-src-1.12.12-4.module_el8.1.0+271+e71148fc.noarch.rpm
hwdata-0.314-8.2.el8_1.noarch.rpm
json-c-devel-0.13.1-0.2.el8.x86_64.rpm
keyutils-libs-devel-1.5.10-6.el8.x86_64.rpm
krb5-devel-1.17-9.el8.x86_64.rpm
less-530-1.el8.x86_64.rpm
libacl-devel-2.2.53-1.el8.x86_64.rpm
libarchive-devel-3.3.2-8.el8_1.x86_64.rpm
libattr-devel-2.4.48-3.el8.x86_64.rpm
libcap-devel-2.26-1.el8.x86_64.rpm
libcap-ng-devel-0.7.9-4.el8.x86_64.rpm
libcroco-0.6.12-4.el8.x86_64.rpm
libdb-devel-5.3.28-37.el8.x86_64.rpm
libedit-3.1-23.20170329cvs.el8.x86_64.rpm
libffi-devel-3.1-21.el8.x86_64.rpm
libglvnd-1.0.1-0.9.git5baa1e5.el8.x86_64.rpm
libglvnd-core-devel-1.0.1-0.9.git5baa1e5.el8.x86_64.rpm
libglvnd-devel-1.0.1-0.9.git5baa1e5.el8.x86_64.rpm
libglvnd-egl-1.0.1-0.9.git5baa1e5.el8.x86_64.rpm
libglvnd-gles-1.0.1-0.9.git5baa1e5.el8.x86_64.rpm
libglvnd-glx-1.0.1-0.9.git5baa1e5.el8.x86_64.rpm
libglvnd-opengl-1.0.1-0.9.git5baa1e5.el8.x86_64.rpm
libgpg-error-devel-1.31-1.el8.x86_64.rpm
libkadm5-1.17-9.el8.x86_64.rpm
libmodman-2.0.1-17.el8.x86_64.rpm
libpciaccess-0.14-1.el8.x86_64.rpm
libpng-1.6.34-5.el8.x86_64.rpm
libpng-devel-1.6.34-5.el8.x86_64.rpm
libproxy-0.4.15-5.2.el8.x86_64.rpm
libsecret-0.18.6-1.el8.x86_64.rpm
libselinux-devel-2.9-2.1.el8.x86_64.rpm
libsepol-devel-2.9-1.el8.x86_64.rpm
libserf-1.3.9-8.module_el8.0.0+45+75bba4f4.x86_64.rpm
libtool-2.4.6-25.el8.x86_64.rpm
libunistring-0.9.9-3.el8.x86_64.rpm
libuuid-devel-2.32.1-17.el8.x86_64.rpm
libverto-devel-0.3.0-5.el8.x86_64.rpm
libwayland-client-1.15.0-1.el8.x86_64.rpm
libwayland-server-1.15.0-1.el8.x86_64.rpm
libX11-1.6.7-1.el8.x86_64.rpm
libX11-common-1.6.7-1.el8.noarch.rpm
libX11-devel-1.6.7-1.el8.x86_64.rpm
libXau-1.0.8-13.el8.x86_64.rpm
libXau-devel-1.0.8-13.el8.x86_64.rpm
libxcb-1.13-5.el8.x86_64.rpm
libxcb-devel-1.13-5.el8.x86_64.rpm
libXdamage-1.1.4-14.el8.x86_64.rpm
libXdamage-devel-1.1.4-14.el8.x86_64.rpm
libXext-1.3.3-9.el8.x86_64.rpm
libXext-devel-1.3.3-9.el8.x86_64.rpm
libXfixes-5.0.3-7.el8.x86_64.rpm
libXfixes-devel-5.0.3-7.el8.x86_64.rpm
libXft-2.3.2-10.el8.x86_64.rpm
libXft-devel-2.3.2-10.el8.x86_64.rpm
libXrender-0.9.10-7.el8.x86_64.rpm
libXrender-devel-0.9.10-7.el8.x86_64.rpm
libxshmfence-1.3-2.el8.x86_64.rpm
libXxf86vm-1.1.4-9.el8.x86_64.rpm
libXxf86vm-devel-1.1.4-9.el8.x86_64.rpm
lua-devel-5.3.4-11.el8.x86_64.rpm
m4-1.4.18-7.el8.x86_64.rpm
mercurial-4.8.2-1.module_el8.0.0+40+715dddeb.x86_64.rpm
mesa-libGLU-9.0.0-15.el8.x86_64.rpm
mesa-libGLU-devel-9.0.0-15.el8.x86_64.rpm
ncurses-devel-6.1-7.20180224.el8.x86_64.rpm
neon-0.30.2-6.el8.x86_64.rpm
nettle-3.4.1-1.el8.x86_64.rpm
nspr-devel-4.21.0-2.el8_0.x86_64.rpm
nss-devel-3.44.0-9.el8_1.x86_64.rpm
nss-util-devel-3.44.0-9.el8_1.x86_64.rpm
openssh-8.0p1-4.el8_1.x86_64.rpm
openssh-clients-8.0p1-4.el8_1.x86_64.rpm
openssl-devel-1.1.1c-2.el8_1.1.x86_64.rpm
p11-kit-devel-0.23.14-5.el8_0.x86_64.rpm
pakchois-0.4-17.el8.x86_64.rpm
pcre-devel-8.42-4.el8.x86_64.rpm
perl-Data-Dumper-2.167-399.el8.x86_64.rpm
perl-Encode-Locale-1.05-9.el8.noarch.rpm
perl-Error-0.17025-2.el8.noarch.rpm
perl-Git-2.18.2-2.el8_1.noarch.rpm
perl-TermReadKey-2.37-7.el8.x86_64.rpm
perl-Test-Harness-3.42-1.el8.noarch.rpm
perl-Text-Unidecode-1.30-5.el8.noarch.rpm
popt-devel-1.16-14.el8.x86_64.rpm
python3-libs-3.6.8-15.1.el8.x86_64.rpm
python3-pyparsing-2.4.6-1.el8.noarch.rpm
python3-rpm-4.14.2-26.el8_1.x86_64.rpm
readline-devel-7.0-10.el8.x86_64.rpm
rpm-4.14.2-26.el8_1.x86_64.rpm
rpm-build-4.14.2-26.el8_1.x86_64.rpm
rpm-build-libs-4.14.2-26.el8_1.x86_64.rpm
rpm-libs-4.14.2-26.el8_1.x86_64.rpm
rsync-3.1.3-6.el8.x86_64.rpm
sqlite-devel-3.26.0-4.el8_1.x86_64.rpm
subversion-1.10.2-1.module_el8.0.0+45+75bba4f4.x86_64.rpm
subversion-libs-1.10.2-1.module_el8.0.0+45+75bba4f4.x86_64.rpm
tcl-8.6.8-2.el8.x86_64.rpm
tcl-devel-8.6.8-2.el8.x86_64.rpm
texinfo-6.5-4.el8.x86_64.rpm
tix-8.4.3-23.el8.x86_64.rpm
tix-devel-8.4.3-23.el8.x86_64.rpm
tk-8.6.8-1.el8.x86_64.rpm
tk-devel-8.6.8-1.el8.x86_64.rpm
trousers-0.3.14-4.el8.x86_64.rpm
utf8proc-2.1.1-4.module_el8.0.0+45+75bba4f4.x86_64.rpm
xorg-x11-proto-devel-2018.4-1.el8.noarch.rpm
xz-devel-5.2.4-3.el8.x86_64.rpm
zlib-devel-1.2.11-10.el8.x86_64.rpm
