adwaita-cursor-theme-3.28.0-2.el8.noarch.rpm
adwaita-icon-theme-3.28.0-2.el8.noarch.rpm
alsa-lib-1.1.6-3.el8.x86_64.rpm
alsa-lib-devel-1.1.6-3.el8.x86_64.rpm
audit-libs-devel-3.0-0.13.20190507gitf58ec40.el8.x86_64.rpm
copy-jdk-configs-3.7-1.el8.noarch.rpm
CUnit-2.1.3-17.el8.x86_64.rpm
CUnit-devel-2.1.3-17.el8.x86_64.rpm
glib2-devel-2.56.4-1.el8.x86_64.rpm
glib2-doc-2.56.4-1.el8.noarch.rpm
gsettings-desktop-schemas-3.32.0-3.el8.x86_64.rpm
gssproxy-0.8.0-5.el8.x86_64.rpm
gtk3-3.22.30-3.el8.x86_64.rpm
gtk3-devel-3.22.30-3.el8.x86_64.rpm
gtk-doc-1.28-1.el8.x86_64.rpm
gtk-update-icon-cache-3.22.30-3.el8.x86_64.rpm
java-1.8.0-openjdk-1.8.0.232.b09-0.el8_0.x86_64.rpm
java-1.8.0-openjdk-devel-1.8.0.232.b09-0.el8_0.x86_64.rpm
java-1.8.0-openjdk-headless-1.8.0.232.b09-0.el8_0.x86_64.rpm
libcom_err-devel-1.44.3-2.el8.x86_64.rpm
libdrm-2.4.96-2.el8.x86_64.rpm
libdrm-devel-2.4.96-2.el8.x86_64.rpm
liboath-2.6.2-3.el8.x86_64.rpm
liboath-devel-2.6.2-3.el8.x86_64.rpm
libss-1.44.3-2.el8.x86_64.rpm
libtalloc-2.1.16-3.el8.x86_64.rpm
libtevent-0.9.39-2.el8.x86_64.rpm
lvm2-2.03.02-6.el8.x86_64.rpm
lvm2-libs-2.03.02-6.el8.x86_64.rpm
mesa-libEGL-18.3.1-5.el8_0.x86_64.rpm
mesa-libEGL-devel-18.3.1-5.el8_0.x86_64.rpm
mesa-libgbm-18.3.1-5.el8_0.x86_64.rpm
mesa-libGL-18.3.1-5.el8_0.x86_64.rpm
mesa-libglapi-18.3.1-5.el8_0.x86_64.rpm
mesa-libGL-devel-18.3.1-5.el8_0.x86_64.rpm
nss-softokn-devel-3.44.0-7.el8_0.x86_64.rpm
nss-softokn-freebl-devel-3.44.0-7.el8_0.x86_64.rpm
policycoreutils-2.8-16.1.el8.x86_64.rpm
policycoreutils-devel-2.8-16.1.el8.x86_64.rpm
policycoreutils-python-utils-2.8-16.1.el8.noarch.rpm
pulseaudio-libs-11.1-22.el8.x86_64.rpm
pulseaudio-libs-devel-11.1-22.el8.x86_64.rpm
pulseaudio-libs-glib2-11.1-22.el8.x86_64.rpm
pykickstart-3.16.7-1.el8.noarch.rpm
python3-libsemanage-2.8-5.el8.x86_64.rpm
python3-msgpack-0.6.2-1.el8.x86_64.rpm
python3-pysocks-1.6.8-3.el8.noarch.rpm
python3-requests-mock-1.7.0-1.el8.noarch.rpm
python3-scapy-2.4.3-2.el8.noarch.rpm
python3-urllib3-1.23-5.el8.noarch.rpm
rest-0.8.1-2.el8.x86_64.rpm
selinux-policy-3.14.1-61.el8_0.2.noarch.rpm
selinux-policy-devel-3.14.1-61.el8_0.2.noarch.rpm
spice-protocol-0.12.14-1.el8.noarch.rpm
spice-server-0.14.0-7.el8.x86_64.rpm
spice-server-devel-0.14.0-7.el8.x86_64.rpm
systemtap-4.0-7.el8.x86_64.rpm
systemtap-client-4.0-7.el8.x86_64.rpm
systemtap-devel-4.0-7.el8.x86_64.rpm
systemtap-runtime-4.0-7.el8.x86_64.rpm
systemtap-sdt-devel-4.0-7.el8.x86_64.rpm
valgrind-3.14.0-10.el8.x86_64.rpm
valgrind-devel-3.14.0-10.el8.x86_64.rpm
