ansible-2.7.5-1.el7.ans.noarch.rpm#https://releases.ansible.com/ansible/rpm/release/epel-7-x86_64/ansible-2.7.5-1.el7.ans.noarch.rpm
# expat-2.1.0-12.el7.x86_64.rpm provided by mock
# glib2-2.56.1-7.el7.x86_64.rpm provided by mock
glib2-devel-2.56.1-7.el7.x86_64.rpm#http://mirror.centos.org/centos/7/os/x86_64/Packages/glib2-devel-2.56.1-7.el7.x86_64.rpm
influxdb-0.9.5.1-1.x86_64.rpm#https://s3.amazonaws.com/influxdb/influxdb-0.9.5.1-1.x86_64.rpm
libpng-1.5.13-8.el7.x86_64.rpm#http://mirror.centos.org/centos/7/os/x86_64/Packages/libpng-1.5.13-8.el7.x86_64.rpm
novnc-0.6.2-1.el7.noarch.rpm#http://cbs.centos.org/kojifiles/packages/novnc/0.6.2/1.el7/noarch/novnc-0.6.2-1.el7.noarch.rpm
libvirt-python-4.7.0-1.fc28.src.rpm#https://libvirt.org/sources/python/libvirt-python-4.7.0-1.fc28.src.rpm
python2-httpbin-0.5.0-6.el7.noarch.rpm#http://cbs.centos.org/kojifiles/packages/python-httpbin/0.5.0/6.el7/noarch/python2-httpbin-0.5.0-6.el7.noarch.rpm
python2-kubernetes-8.0.0-8.el7.noarch.rpm#https://cbs.centos.org/kojifiles/packages/python-kubernetes/8.0.0/8.el7/noarch/python2-kubernetes-8.0.0-8.el7.noarch.rpm
python2-pip-9.0.3-6.fc29.noarch.rpm#https://kojipkgs.fedoraproject.org/packages/python-pip/9.0.3/6.fc29/noarch/python2-pip-9.0.3-6.fc29.noarch.rpm
python2-storops-0.4.7-2.el7.noarch.rpm#http://cbs.centos.org/kojifiles/packages/python-storops/0.4.7/2.el7/noarch/python2-storops-0.4.7-2.el7.noarch.rpm
python2-wheel-0.31.1-3.fc30.noarch.rpm#https://kojipkgs.fedoraproject.org/packages/python-wheel/0.31.1/3.fc30/noarch/python2-wheel-0.31.1-3.fc30.noarch.rpm
python2-sphinxcontrib-apidoc-0.2.1-6.el7.noarch.rpm#https://cbs.centos.org/kojifiles/packages/python-sphinxcontrib-apidoc/0.2.1/6.el7/noarch/python2-sphinxcontrib-apidoc-0.2.1-6.el7.noarch.rpm
python3-lockfile-0.11.0-16.el8.noarch.rpm#https://cbs.centos.org/kojifiles/packages/python-lockfile/0.11.0/16.el8/noarch/python3-lockfile-0.11.0-16.el8.noarch.rpm
opae-1.3.6-4.x86_64.rpm#https://github.com/OPAE/opae-sdk/releases/download/1.3.6-4/opae-1.3.6-4.x86_64.rpm
opae-devel-1.3.6-4.x86_64.rpm#https://github.com/OPAE/opae-sdk/releases/download/1.3.6-4/opae-devel-1.3.6-4.x86_64.rpm
opae-libs-1.3.6-4.x86_64.rpm#https://github.com/OPAE/opae-sdk/releases/download/1.3.6-4/opae-libs-1.3.6-4.x86_64.rpm
opae-tools-1.3.6-4.x86_64.rpm#https://github.com/OPAE/opae-sdk/releases/download/1.3.6-4/opae-tools-1.3.6-4.x86_64.rpm
opae-tools-extra-1.3.6-4.x86_64.rpm#https://github.com/OPAE/opae-sdk/releases/download/1.3.6-4/opae-tools-extra-1.3.6-4.x86_64.rpm
opae.admin-1.0.2-3.noarch.rpm#https://github.com/OPAE/opae-sdk/releases/download/1.3.6-4/opae.admin-1.0.2-3.noarch.rpm
