alsa-lib-1.1.6-3.el8.x86_64.rpm
alsa-lib-devel-1.1.6-3.el8.x86_64.rpm
audit-3.0-0.13.20190507gitf58ec40.el8.x86_64.rpm
cppcheck-1.83-1.el8.x86_64.rpm
glib2-devel-2.56.4-1.el8.x86_64.rpm
gsettings-desktop-schemas-3.32.0-3.el8.x86_64.rpm
gssproxy-0.8.0-5.el8.x86_64.rpm
iprutils-2.4.16.1-2.el8.x86_64.rpm
kexec-tools-2.0.17-28.el8.x86_64.rpm
libcom_err-devel-1.44.3-2.el8.x86_64.rpm
libdrm-2.4.96-2.el8.x86_64.rpm
libdrm-devel-2.4.96-2.el8.x86_64.rpm
libss-1.44.3-2.el8.x86_64.rpm
lvm2-2.03.02-6.el8.x86_64.rpm
lvm2-libs-2.03.02-6.el8.x86_64.rpm
mesa-libEGL-18.3.1-5.el8_0.x86_64.rpm
mesa-libEGL-devel-18.3.1-5.el8_0.x86_64.rpm
mesa-libgbm-18.3.1-5.el8_0.x86_64.rpm
mesa-libGL-18.3.1-5.el8_0.x86_64.rpm
mesa-libglapi-18.3.1-5.el8_0.x86_64.rpm
mesa-libGL-devel-18.3.1-5.el8_0.x86_64.rpm
ntfs-3g-2017.3.23-11.el8.x86_64.rpm
ntfsprogs-2017.3.23-11.el8.x86_64.rpm
openscap-1.3.0-7.el8.x86_64.rpm
openscap-scanner-1.3.0-7.el8.x86_64.rpm
policycoreutils-2.8-16.1.el8.x86_64.rpm
policycoreutils-python-utils-2.8-16.1.el8.noarch.rpm
pulseaudio-libs-11.1-22.el8.x86_64.rpm
pulseaudio-libs-devel-11.1-22.el8.x86_64.rpm
pulseaudio-libs-glib2-11.1-22.el8.x86_64.rpm
python3-libsemanage-2.8-5.el8.x86_64.rpm
python3-msgpack-0.6.2-1.el8.x86_64.rpm
python3-policycoreutils-2.8-16.1.el8.noarch.rpm
python3-pysocks-1.6.8-3.el8.noarch.rpm
python3-urllib3-1.23-5.el8.noarch.rpm
selinux-policy-3.14.1-61.el8_0.2.noarch.rpm
selinux-policy-minimum-3.14.1-61.el8_0.2.noarch.rpm
spice-server-0.14.0-7.el8.x86_64.rpm
spice-server-devel-0.14.0-7.el8.x86_64.rpm
systemtap-sdt-devel-4.0-7.el8.x86_64.rpm
tcpdump-4.9.2-5.el8.x86_64.rpm
